Using pre-set license
Built from '2020.3/staging' branch; Version is '2020.3.13f1 (71691879b7f5) revision 7432472'; Using compiler version '192528614'; Build Type 'Release'
OS: 'Windows 10 Home Single Language; OS build 19043.1586; Version 2009; 64bit' Language: 'es' Physical Memory: 16264 MB
BatchMode: 1, IsHumanControllingUs: 0, StartBugReporterOnCrash: 0, Is64bit: 1, IsPro: 0

 COMMAND LINE ARGUMENTS:
D:\ARCHIVOS\Unity\2020.3.13f1\Editor\Unity.exe
-adb2
-batchMode
-noUpm
-name
AssetImportWorker0
-projectPath
D:/ARCHIVOS/7moSemestre(Enti)/Mecanicas de Juego Avanzadas/ENTI_ShadersFrameWork
-logFile
Logs/AssetImportWorker0.log
-srvPort
49965
Successfully changed project path to: D:/ARCHIVOS/7moSemestre(Enti)/Mecanicas de Juego Avanzadas/ENTI_ShadersFrameWork
D:/ARCHIVOS/7moSemestre(Enti)/Mecanicas de Juego Avanzadas/ENTI_ShadersFrameWork
Using Asset Import Pipeline V2.
Refreshing native plugins compatible for Editor in 70.89 ms, found 2 plugins.
Preloading 0 native plugins for Editor in 0.00 ms.
Initialize engine version: 2020.3.13f1 (71691879b7f5)
[Subsystems] Discovering subsystems at path D:/ARCHIVOS/Unity/2020.3.13f1/Editor/Data/Resources/UnitySubsystems
[Subsystems] Discovering subsystems at path D:/ARCHIVOS/7moSemestre(Enti)/Mecanicas de Juego Avanzadas/ENTI_ShadersFrameWork/Assets
GfxDevice: creating device client; threaded=0
Direct3D:
    Version:  Direct3D 11.0 [level 11.1]
    Renderer: NVIDIA GeForce GTX 1050 (ID=0x1c8d)
    Vendor:   
    VRAM:     1979 MB
    Driver:   30.0.14.9676
Initialize mono
Mono path[0] = 'D:/ARCHIVOS/Unity/2020.3.13f1/Editor/Data/Managed'
Mono path[1] = 'D:/ARCHIVOS/Unity/2020.3.13f1/Editor/Data/MonoBleedingEdge/lib/mono/unityjit'
Mono config path = 'D:/ARCHIVOS/Unity/2020.3.13f1/Editor/Data/MonoBleedingEdge/etc'
Using monoOptions --debugger-agent=transport=dt_socket,embedding=1,server=y,suspend=n,address=127.0.0.1:56200
Begin MonoManager ReloadAssembly
Registering precompiled unity dll's ...
Register platform support module: D:/ARCHIVOS/Unity/2020.3.13f1/Editor/Data/PlaybackEngines/WindowsStandaloneSupport/UnityEditor.WindowsStandalone.Extensions.dll
Registered in 0.007850 seconds.
Native extension for WindowsStandalone target not found
Refreshing native plugins compatible for Editor in 46.23 ms, found 2 plugins.
Preloading 0 native plugins for Editor in 0.00 ms.
Mono: successfully reloaded assembly
- Completed reload, in  5.558 seconds
Platform modules already initialized, skipping
Registering precompiled user dll's ...
Registered in 0.024346 seconds.
Begin MonoManager ReloadAssembly
Native extension for WindowsStandalone target not found
Refreshing native plugins compatible for Editor in 0.53 ms, found 2 plugins.
Preloading 0 native plugins for Editor in 0.00 ms.
Mono: successfully reloaded assembly
- Completed reload, in  1.402 seconds
Platform modules already initialized, skipping
========================================================================
Worker process is ready to serve import requests
Launched and connected shader compiler UnityShaderCompiler.exe after 0.08 seconds
Refreshing native plugins compatible for Editor in 0.60 ms, found 2 plugins.
Preloading 0 native plugins for Editor in 0.00 ms.
Unloading 1527 Unused Serialized files (Serialized files now loaded: 0)
System memory in use before: 75.5 MB.
System memory in use after: 75.6 MB.

Unloading 18 unused Assets to reduce memory usage. Loaded Objects now: 1964.
Total: 2.991700 ms (FindLiveObjects: 0.286700 ms CreateObjectMapping: 0.071100 ms MarkObjects: 2.534500 ms  DeleteObjects: 0.097700 ms)

AssetImportParameters requested are different than current active one (requested -> active):
  custom:framework-win-MediaFoundation: 216162199b28c13a410421893ffa2e32 -> 
  custom:video-decoder-ogg-theora: a1e56fd34408186e4bbccfd4996cb3dc -> 
  custom:container-muxer-webm: aa71ff27fc2769a1b78a27578f13a17b -> 
  custom:container-demuxer-webm: 4f35f7cbe854078d1ac9338744f61a02 -> 
  custom:container-demuxer-ogg: 62fdf1f143b41e24485cea50d1cbac27 -> 
  custom:video-encoder-webm-vp8: eb34c28f22e8b96e1ab97ce403110664 -> 
  custom:video-decoder-webm-vp8: 9c59270c3fd7afecdb556c50c9e8de78 -> 
  custom:audio-decoder-ogg-vorbis: bf7c407c2cedff20999df2af8eb42d56 -> 
  custom:audio-encoder-webm-vorbis: bf7c407c2cedff20999df2af8eb42d56 -> 
========================================================================
Received Import Request.
  path: Assets/Practice1/DistorsionEffect.cs
  artifactKey: Guid(2ec016e3a30ce5f449c532345f008967) Importer(815301076,1909f56bfc062723c751e8b465ee728b)
Start importing Assets/Practice1/DistorsionEffect.cs using Guid(2ec016e3a30ce5f449c532345f008967) Importer(815301076,1909f56bfc062723c751e8b465ee728b)  -> (artifact id: '0f706af996772c37fdb8503702098664') in 0.320663 seconds 
  Import took 0.324000 seconds .

========================================================================
Received Prepare
Registering precompiled user dll's ...
Registered in 0.010843 seconds.
Begin MonoManager ReloadAssembly
Native extension for WindowsStandalone target not found
Refreshing native plugins compatible for Editor in 0.37 ms, found 2 plugins.
Preloading 0 native plugins for Editor in 0.00 ms.
Mono: successfully reloaded assembly
- Completed reload, in  4.271 seconds
Platform modules already initialized, skipping
Refreshing native plugins compatible for Editor in 0.35 ms, found 2 plugins.
Preloading 0 native plugins for Editor in 0.00 ms.
Unloading 1485 Unused Serialized files (Serialized files now loaded: 0)
System memory in use before: 71.8 MB.
System memory in use after: 71.9 MB.

Unloading 13 unused Assets to reduce memory usage. Loaded Objects now: 1967.
Total: 2.587800 ms (FindLiveObjects: 0.189100 ms CreateObjectMapping: 0.071000 ms MarkObjects: 2.294100 ms  DeleteObjects: 0.032000 ms)

AssetImportParameters requested are different than current active one (requested -> active):
  custom:framework-win-MediaFoundation: 216162199b28c13a410421893ffa2e32 -> 
  custom:video-decoder-ogg-theora: a1e56fd34408186e4bbccfd4996cb3dc -> 
  custom:container-muxer-webm: aa71ff27fc2769a1b78a27578f13a17b -> 
  custom:container-demuxer-webm: 4f35f7cbe854078d1ac9338744f61a02 -> 
  custom:container-demuxer-ogg: 62fdf1f143b41e24485cea50d1cbac27 -> 
  custom:video-encoder-webm-vp8: eb34c28f22e8b96e1ab97ce403110664 -> 
  custom:video-decoder-webm-vp8: 9c59270c3fd7afecdb556c50c9e8de78 -> 
  custom:audio-decoder-ogg-vorbis: bf7c407c2cedff20999df2af8eb42d56 -> 
  custom:audio-encoder-webm-vorbis: bf7c407c2cedff20999df2af8eb42d56 -> 
========================================================================
Received Import Request.
  Time since last request: 349.529272 seconds.
  path: Assets/Practice1/DistorsionEffect.cs
  artifactKey: Guid(2ec016e3a30ce5f449c532345f008967) Importer(815301076,1909f56bfc062723c751e8b465ee728b)
Start importing Assets/Practice1/DistorsionEffect.cs using Guid(2ec016e3a30ce5f449c532345f008967) Importer(815301076,1909f56bfc062723c751e8b465ee728b)  -> (artifact id: '379e1637890e307a4de3460ff913f31c') in 0.010165 seconds 
  Import took 0.013376 seconds .

========================================================================
Received Import Request.
  Time since last request: 864.133351 seconds.
  path: Assets/Practice1/NewBehaviourScript.cs
  artifactKey: Guid(20b9fe0b250b36646aa6415d346d47bf) Importer(815301076,1909f56bfc062723c751e8b465ee728b)
Start importing Assets/Practice1/NewBehaviourScript.cs using Guid(20b9fe0b250b36646aa6415d346d47bf) Importer(815301076,1909f56bfc062723c751e8b465ee728b)  -> (artifact id: '6349d7779e2eb51949baee5089734a04') in 0.018119 seconds 
  Import took 0.032368 seconds .

========================================================================
Received Import Request.
  Time since last request: 24.746579 seconds.
  path: Assets/Practice1/DistorsionEffect.shader
  artifactKey: Guid(70da83ecce9180f42807321c4da5529e) Importer(815301076,1909f56bfc062723c751e8b465ee728b)
Start importing Assets/Practice1/DistorsionEffect.shader using Guid(70da83ecce9180f42807321c4da5529e) Importer(815301076,1909f56bfc062723c751e8b465ee728b)  -> (artifact id: '0cf05ebe51cfc57ccfbf24b7361d7a7f') in 0.029988 seconds 
  Import took 0.032877 seconds .

========================================================================
Received Import Request.
  Time since last request: 1.990646 seconds.
  path: Assets/Practice1/DistorsionEffect.shader
  artifactKey: Guid(70da83ecce9180f42807321c4da5529e) Importer(815301076,1909f56bfc062723c751e8b465ee728b)
Start importing Assets/Practice1/DistorsionEffect.shader using Guid(70da83ecce9180f42807321c4da5529e) Importer(815301076,1909f56bfc062723c751e8b465ee728b)  -> (artifact id: '0cf05ebe51cfc57ccfbf24b7361d7a7f') in 0.004861 seconds 
  Import took 0.008044 seconds .

========================================================================
Received Import Request.
  Time since last request: 615.567144 seconds.
  path: Assets/Practice1/DistorsionEffect.cs
  artifactKey: Guid(2ec016e3a30ce5f449c532345f008967) Importer(815301076,1909f56bfc062723c751e8b465ee728b)
Start importing Assets/Practice1/DistorsionEffect.cs using Guid(2ec016e3a30ce5f449c532345f008967) Importer(815301076,1909f56bfc062723c751e8b465ee728b)  -> (artifact id: 'd7b00ce05db150253e3df631142baca3') in 0.026711 seconds 
  Import took 0.030943 seconds .

========================================================================
Received Import Request.
  Time since last request: 0.011943 seconds.
  path: Assets/Practice1/DistorsionEffect.cs
  artifactKey: Guid(2ec016e3a30ce5f449c532345f008967) Importer(815301076,1909f56bfc062723c751e8b465ee728b)
Start importing Assets/Practice1/DistorsionEffect.cs using Guid(2ec016e3a30ce5f449c532345f008967) Importer(815301076,1909f56bfc062723c751e8b465ee728b)  -> (artifact id: 'd7b00ce05db150253e3df631142baca3') in 0.018260 seconds 
  Import took 0.024977 seconds .

========================================================================
Received Import Request.
  Time since last request: 187.963531 seconds.
  path: Assets/Practice1/ColorEffect.shader
  artifactKey: Guid(f814e24854b4c4f41a87b60defb8e6bc) Importer(815301076,1909f56bfc062723c751e8b465ee728b)
Start importing Assets/Practice1/ColorEffect.shader using Guid(f814e24854b4c4f41a87b60defb8e6bc) Importer(815301076,1909f56bfc062723c751e8b465ee728b)  -> (artifact id: '157d3532b3bea3917bd43807e07ee5f9') in 0.207682 seconds 
  Import took 0.212106 seconds .

========================================================================
Received Import Request.
  Time since last request: 13.393264 seconds.
  path: Assets/Practice1/Scripts
  artifactKey: Guid(c5e685437159771468d3652753d9e738) Importer(815301076,1909f56bfc062723c751e8b465ee728b)
Start importing Assets/Practice1/Scripts using Guid(c5e685437159771468d3652753d9e738) Importer(815301076,1909f56bfc062723c751e8b465ee728b)  -> (artifact id: 'c87ecabca09a4bb469008122d645e7f5') in 0.009693 seconds 
  Import took 0.012550 seconds .

========================================================================
Received Import Request.
  Time since last request: 2.182834 seconds.
  path: Assets/Practice1/PixelEffect.cs
  artifactKey: Guid(df6e313e953d1da48aec3303adef48ec) Importer(815301076,1909f56bfc062723c751e8b465ee728b)
Start importing Assets/Practice1/PixelEffect.cs using Guid(df6e313e953d1da48aec3303adef48ec) Importer(815301076,1909f56bfc062723c751e8b465ee728b)  -> (artifact id: 'd55b6bc681febf094e37b5516f5583a2') in 0.008558 seconds 
  Import took 0.011599 seconds .

========================================================================
Received Import Request.
  Time since last request: 17.730566 seconds.
  path: Assets/Practice1/DistorsionEffect.shader
  artifactKey: Guid(70da83ecce9180f42807321c4da5529e) Importer(815301076,1909f56bfc062723c751e8b465ee728b)
Start importing Assets/Practice1/DistorsionEffect.shader using Guid(70da83ecce9180f42807321c4da5529e) Importer(815301076,1909f56bfc062723c751e8b465ee728b)  -> (artifact id: 'be1ec85af985a2996e174a1564b816eb') in 0.012155 seconds 
  Import took 0.122094 seconds .

========================================================================
Received Import Request.
  Time since last request: 52.817942 seconds.
  path: Assets/Practice1/DistorsionEffect.shader
  artifactKey: Guid(70da83ecce9180f42807321c4da5529e) Importer(815301076,1909f56bfc062723c751e8b465ee728b)
Start importing Assets/Practice1/DistorsionEffect.shader using Guid(70da83ecce9180f42807321c4da5529e) Importer(815301076,1909f56bfc062723c751e8b465ee728b)  -> (artifact id: '1f6568af414c95043af141efa3538cfd') in 0.008060 seconds 
  Import took 0.011260 seconds .

========================================================================
Received Import Request.
  Time since last request: 909.870898 seconds.
  path: Assets/Practice1/DistorsionEffect.cs
  artifactKey: Guid(2e145b647df59c14bb11b12434532baf) Importer(815301076,1909f56bfc062723c751e8b465ee728b)
Start importing Assets/Practice1/DistorsionEffect.cs using Guid(2e145b647df59c14bb11b12434532baf) Importer(815301076,1909f56bfc062723c751e8b465ee728b)  -> (artifact id: '7bae9131a4b51a04087d89d738aae4de') in 0.009283 seconds 
  Import took 0.018419 seconds .

========================================================================
Received Import Request.
  Time since last request: 233.174545 seconds.
  path: Assets/Practice1/DistorsionEffect.cs
  artifactKey: Guid(2e145b647df59c14bb11b12434532baf) Importer(815301076,1909f56bfc062723c751e8b465ee728b)
Start importing Assets/Practice1/DistorsionEffect.cs using Guid(2e145b647df59c14bb11b12434532baf) Importer(815301076,1909f56bfc062723c751e8b465ee728b)  -> (artifact id: '4d9dea9ebe798bd88845ea863fbe95fd') in 0.003975 seconds 
  Import took 0.006742 seconds .

========================================================================
Received Prepare
Registering precompiled user dll's ...
Registered in 0.020512 seconds.
Begin MonoManager ReloadAssembly
Native extension for WindowsStandalone target not found
Refreshing native plugins compatible for Editor in 0.38 ms, found 2 plugins.
Preloading 0 native plugins for Editor in 0.00 ms.
Mono: successfully reloaded assembly
- Completed reload, in  5.548 seconds
Platform modules already initialized, skipping
Refreshing native plugins compatible for Editor in 0.37 ms, found 2 plugins.
Preloading 0 native plugins for Editor in 0.00 ms.
Unloading 1487 Unused Serialized files (Serialized files now loaded: 0)
System memory in use before: 72.1 MB.
System memory in use after: 72.2 MB.

Unloading 14 unused Assets to reduce memory usage. Loaded Objects now: 1971.
Total: 2.233900 ms (FindLiveObjects: 0.171000 ms CreateObjectMapping: 0.068200 ms MarkObjects: 1.934800 ms  DeleteObjects: 0.058500 ms)

AssetImportParameters requested are different than current active one (requested -> active):
  custom:framework-win-MediaFoundation: 216162199b28c13a410421893ffa2e32 -> 
  custom:video-decoder-ogg-theora: a1e56fd34408186e4bbccfd4996cb3dc -> 
  custom:container-muxer-webm: aa71ff27fc2769a1b78a27578f13a17b -> 
  custom:container-demuxer-webm: 4f35f7cbe854078d1ac9338744f61a02 -> 
  custom:container-demuxer-ogg: 62fdf1f143b41e24485cea50d1cbac27 -> 
  custom:video-encoder-webm-vp8: eb34c28f22e8b96e1ab97ce403110664 -> 
  custom:video-decoder-webm-vp8: 9c59270c3fd7afecdb556c50c9e8de78 -> 
  custom:audio-decoder-ogg-vorbis: bf7c407c2cedff20999df2af8eb42d56 -> 
  custom:audio-encoder-webm-vorbis: bf7c407c2cedff20999df2af8eb42d56 -> 
AssetImportWorkerClient::OnTransportError - code=2 error=End of file
