Using pre-set license
Built from '2020.3/staging' branch; Version is '2020.3.13f1 (71691879b7f5) revision 7432472'; Using compiler version '192528614'; Build Type 'Release'
OS: 'Windows 10 Home Single Language; OS build 19043.1586; Version 2009; 64bit' Language: 'es' Physical Memory: 16264 MB
BatchMode: 1, IsHumanControllingUs: 0, StartBugReporterOnCrash: 0, Is64bit: 1, IsPro: 0

 COMMAND LINE ARGUMENTS:
D:\ARCHIVOS\Unity\2020.3.13f1\Editor\Unity.exe
-adb2
-batchMode
-noUpm
-name
AssetImportWorker0
-projectPath
D:/ARCHIVOS/7moSemestre(Enti)/Mecanicas de Juego Avanzadas/ENTI_ShadersFrameWork
-logFile
Logs/AssetImportWorker0.log
-srvPort
49580
Successfully changed project path to: D:/ARCHIVOS/7moSemestre(Enti)/Mecanicas de Juego Avanzadas/ENTI_ShadersFrameWork
D:/ARCHIVOS/7moSemestre(Enti)/Mecanicas de Juego Avanzadas/ENTI_ShadersFrameWork
Using Asset Import Pipeline V2.
Refreshing native plugins compatible for Editor in 47.01 ms, found 2 plugins.
Preloading 0 native plugins for Editor in 0.00 ms.
Initialize engine version: 2020.3.13f1 (71691879b7f5)
[Subsystems] Discovering subsystems at path D:/ARCHIVOS/Unity/2020.3.13f1/Editor/Data/Resources/UnitySubsystems
[Subsystems] Discovering subsystems at path D:/ARCHIVOS/7moSemestre(Enti)/Mecanicas de Juego Avanzadas/ENTI_ShadersFrameWork/Assets
GfxDevice: creating device client; threaded=0
Direct3D:
    Version:  Direct3D 11.0 [level 11.1]
    Renderer: NVIDIA GeForce GTX 1050 (ID=0x1c8d)
    Vendor:   
    VRAM:     1979 MB
    Driver:   30.0.14.9676
Initialize mono
Mono path[0] = 'D:/ARCHIVOS/Unity/2020.3.13f1/Editor/Data/Managed'
Mono path[1] = 'D:/ARCHIVOS/Unity/2020.3.13f1/Editor/Data/MonoBleedingEdge/lib/mono/unityjit'
Mono config path = 'D:/ARCHIVOS/Unity/2020.3.13f1/Editor/Data/MonoBleedingEdge/etc'
Using monoOptions --debugger-agent=transport=dt_socket,embedding=1,server=y,suspend=n,address=127.0.0.1:56080
Begin MonoManager ReloadAssembly
Registering precompiled unity dll's ...
Register platform support module: D:/ARCHIVOS/Unity/2020.3.13f1/Editor/Data/PlaybackEngines/WindowsStandaloneSupport/UnityEditor.WindowsStandalone.Extensions.dll
Registered in 0.007307 seconds.
Native extension for WindowsStandalone target not found
Refreshing native plugins compatible for Editor in 37.59 ms, found 2 plugins.
Preloading 0 native plugins for Editor in 0.00 ms.
Mono: successfully reloaded assembly
- Completed reload, in  3.363 seconds
Platform modules already initialized, skipping
Registering precompiled user dll's ...
Registered in 0.009237 seconds.
Begin MonoManager ReloadAssembly
Native extension for WindowsStandalone target not found
Refreshing native plugins compatible for Editor in 0.35 ms, found 2 plugins.
Preloading 0 native plugins for Editor in 0.00 ms.
Mono: successfully reloaded assembly
- Completed reload, in  1.417 seconds
Platform modules already initialized, skipping
========================================================================
Worker process is ready to serve import requests
Launched and connected shader compiler UnityShaderCompiler.exe after 0.06 seconds
Refreshing native plugins compatible for Editor in 0.45 ms, found 2 plugins.
Preloading 0 native plugins for Editor in 0.00 ms.
Unloading 1529 Unused Serialized files (Serialized files now loaded: 0)
System memory in use before: 75.4 MB.
System memory in use after: 75.5 MB.

Unloading 19 unused Assets to reduce memory usage. Loaded Objects now: 1965.
Total: 2.391700 ms (FindLiveObjects: 0.183500 ms CreateObjectMapping: 0.102000 ms MarkObjects: 2.023500 ms  DeleteObjects: 0.081000 ms)

AssetImportParameters requested are different than current active one (requested -> active):
  custom:framework-win-MediaFoundation: 216162199b28c13a410421893ffa2e32 -> 
  custom:video-decoder-ogg-theora: a1e56fd34408186e4bbccfd4996cb3dc -> 
  custom:container-muxer-webm: aa71ff27fc2769a1b78a27578f13a17b -> 
  custom:container-demuxer-webm: 4f35f7cbe854078d1ac9338744f61a02 -> 
  custom:container-demuxer-ogg: 62fdf1f143b41e24485cea50d1cbac27 -> 
  custom:video-encoder-webm-vp8: eb34c28f22e8b96e1ab97ce403110664 -> 
  custom:video-decoder-webm-vp8: 9c59270c3fd7afecdb556c50c9e8de78 -> 
  custom:audio-decoder-ogg-vorbis: bf7c407c2cedff20999df2af8eb42d56 -> 
  custom:audio-encoder-webm-vorbis: bf7c407c2cedff20999df2af8eb42d56 -> 
========================================================================
Received Prepare
Registering precompiled user dll's ...
Registered in 0.009623 seconds.
Begin MonoManager ReloadAssembly
Native extension for WindowsStandalone target not found
Refreshing native plugins compatible for Editor in 0.34 ms, found 2 plugins.
Preloading 0 native plugins for Editor in 0.00 ms.
Mono: successfully reloaded assembly
- Completed reload, in  1.585 seconds
Platform modules already initialized, skipping
Refreshing native plugins compatible for Editor in 0.40 ms, found 2 plugins.
Preloading 0 native plugins for Editor in 0.00 ms.
Unloading 1485 Unused Serialized files (Serialized files now loaded: 0)
System memory in use before: 71.6 MB.
System memory in use after: 71.7 MB.

Unloading 13 unused Assets to reduce memory usage. Loaded Objects now: 1968.
Total: 3.541800 ms (FindLiveObjects: 0.147900 ms CreateObjectMapping: 0.064900 ms MarkObjects: 3.277600 ms  DeleteObjects: 0.048600 ms)

AssetImportParameters requested are different than current active one (requested -> active):
  custom:framework-win-MediaFoundation: 216162199b28c13a410421893ffa2e32 -> 
  custom:video-decoder-ogg-theora: a1e56fd34408186e4bbccfd4996cb3dc -> 
  custom:container-muxer-webm: aa71ff27fc2769a1b78a27578f13a17b -> 
  custom:container-demuxer-webm: 4f35f7cbe854078d1ac9338744f61a02 -> 
  custom:container-demuxer-ogg: 62fdf1f143b41e24485cea50d1cbac27 -> 
  custom:video-encoder-webm-vp8: eb34c28f22e8b96e1ab97ce403110664 -> 
  custom:video-decoder-webm-vp8: 9c59270c3fd7afecdb556c50c9e8de78 -> 
  custom:audio-decoder-ogg-vorbis: bf7c407c2cedff20999df2af8eb42d56 -> 
  custom:audio-encoder-webm-vorbis: bf7c407c2cedff20999df2af8eb42d56 -> 
========================================================================
Received Import Request.
  path: Assets/Practice1/New Material.mat
  artifactKey: Guid(fe7d1eb60b848774f92331650626215a) Importer(815301076,1909f56bfc062723c751e8b465ee728b)
Start importing Assets/Practice1/New Material.mat using Guid(fe7d1eb60b848774f92331650626215a) Importer(815301076,1909f56bfc062723c751e8b465ee728b)  -> (artifact id: '80b4a7947e69a3ee4754d4db52002440') in 0.219745 seconds 
  Import took 0.222752 seconds .

========================================================================
Received Import Request.
  Time since last request: 73.265356 seconds.
  path: Assets/Practice1/Scripts
  artifactKey: Guid(c5e685437159771468d3652753d9e738) Importer(815301076,1909f56bfc062723c751e8b465ee728b)
Start importing Assets/Practice1/Scripts using Guid(c5e685437159771468d3652753d9e738) Importer(815301076,1909f56bfc062723c751e8b465ee728b)  -> (artifact id: 'c87ecabca09a4bb469008122d645e7f5') in 0.007877 seconds 
  Import took 0.011233 seconds .

========================================================================
Received Import Request.
  Time since last request: 0.007609 seconds.
  path: Assets/Practice1/Scripts
  artifactKey: Guid(c5e685437159771468d3652753d9e738) Importer(815301076,1909f56bfc062723c751e8b465ee728b)
Start importing Assets/Practice1/Scripts using Guid(c5e685437159771468d3652753d9e738) Importer(815301076,1909f56bfc062723c751e8b465ee728b)  -> (artifact id: 'c87ecabca09a4bb469008122d645e7f5') in 0.004726 seconds 
  Import took 0.009248 seconds .

========================================================================
Received Import Request.
  Time since last request: 1.499900 seconds.
  path: Assets/Practice1/Scripts/DistorsionEffect.cs
  artifactKey: Guid(2ec016e3a30ce5f449c532345f008967) Importer(815301076,1909f56bfc062723c751e8b465ee728b)
Start importing Assets/Practice1/Scripts/DistorsionEffect.cs using Guid(2ec016e3a30ce5f449c532345f008967) Importer(815301076,1909f56bfc062723c751e8b465ee728b)  -> (artifact id: 'e633e81aa9e9685e0bbc8c60f63c09e7') in 0.013664 seconds 
  Import took 0.016588 seconds .

========================================================================
Received Import Request.
  Time since last request: 0.024891 seconds.
  path: Assets/Practice1/Scripts/DistorsionEffect.cs
  artifactKey: Guid(2ec016e3a30ce5f449c532345f008967) Importer(815301076,1909f56bfc062723c751e8b465ee728b)
Start importing Assets/Practice1/Scripts/DistorsionEffect.cs using Guid(2ec016e3a30ce5f449c532345f008967) Importer(815301076,1909f56bfc062723c751e8b465ee728b)  -> (artifact id: 'e633e81aa9e9685e0bbc8c60f63c09e7') in 0.006007 seconds 
  Import took 0.009311 seconds .

========================================================================
Received Import Request.
  Time since last request: 3.383006 seconds.
  path: Assets/Practice1/Scripts/PixelEffect.cs
  artifactKey: Guid(df6e313e953d1da48aec3303adef48ec) Importer(815301076,1909f56bfc062723c751e8b465ee728b)
Start importing Assets/Practice1/Scripts/PixelEffect.cs using Guid(df6e313e953d1da48aec3303adef48ec) Importer(815301076,1909f56bfc062723c751e8b465ee728b)  -> (artifact id: 'd55b6bc681febf094e37b5516f5583a2') in 0.011175 seconds 
  Import took 0.014922 seconds .

========================================================================
Received Import Request.
  Time since last request: 2.368171 seconds.
  path: Assets/Practice1/Scripts/ColorEffect.cs
  artifactKey: Guid(fef80a7fd312c874aa160cf7ccf6aea3) Importer(815301076,1909f56bfc062723c751e8b465ee728b)
Start importing Assets/Practice1/Scripts/ColorEffect.cs using Guid(fef80a7fd312c874aa160cf7ccf6aea3) Importer(815301076,1909f56bfc062723c751e8b465ee728b)  -> (artifact id: 'd95524c0c75882380d2bc53937c7fe77') in 0.010130 seconds 
  Import took 0.014127 seconds .

========================================================================
Received Import Request.
  Time since last request: 0.001854 seconds.
  path: Assets/Practice1/Scripts/ColorEffect.cs
  artifactKey: Guid(fef80a7fd312c874aa160cf7ccf6aea3) Importer(815301076,1909f56bfc062723c751e8b465ee728b)
Start importing Assets/Practice1/Scripts/ColorEffect.cs using Guid(fef80a7fd312c874aa160cf7ccf6aea3) Importer(815301076,1909f56bfc062723c751e8b465ee728b)  -> (artifact id: 'd95524c0c75882380d2bc53937c7fe77') in 0.006924 seconds 
  Import took 0.010042 seconds .

========================================================================
Received Prepare
Registering precompiled user dll's ...
Registered in 0.009041 seconds.
Begin MonoManager ReloadAssembly
Native extension for WindowsStandalone target not found
Refreshing native plugins compatible for Editor in 0.98 ms, found 2 plugins.
Preloading 0 native plugins for Editor in 0.00 ms.
Mono: successfully reloaded assembly
- Completed reload, in  1.436 seconds
Platform modules already initialized, skipping
Refreshing native plugins compatible for Editor in 0.42 ms, found 2 plugins.
Preloading 0 native plugins for Editor in 0.00 ms.
Unloading 1485 Unused Serialized files (Serialized files now loaded: 0)
System memory in use before: 75.0 MB.
System memory in use after: 75.1 MB.

Unloading 13 unused Assets to reduce memory usage. Loaded Objects now: 2011.
Total: 2.179000 ms (FindLiveObjects: 0.173300 ms CreateObjectMapping: 0.064500 ms MarkObjects: 1.892400 ms  DeleteObjects: 0.047300 ms)

AssetImportParameters requested are different than current active one (requested -> active):
  custom:framework-win-MediaFoundation: 216162199b28c13a410421893ffa2e32 -> 
  custom:video-decoder-ogg-theora: a1e56fd34408186e4bbccfd4996cb3dc -> 
  custom:container-muxer-webm: aa71ff27fc2769a1b78a27578f13a17b -> 
  custom:container-demuxer-webm: 4f35f7cbe854078d1ac9338744f61a02 -> 
  custom:container-demuxer-ogg: 62fdf1f143b41e24485cea50d1cbac27 -> 
  custom:video-encoder-webm-vp8: eb34c28f22e8b96e1ab97ce403110664 -> 
  custom:video-decoder-webm-vp8: 9c59270c3fd7afecdb556c50c9e8de78 -> 
  custom:audio-decoder-ogg-vorbis: bf7c407c2cedff20999df2af8eb42d56 -> 
  custom:audio-encoder-webm-vorbis: bf7c407c2cedff20999df2af8eb42d56 -> 
========================================================================
Received Import Request.
  Time since last request: 150.787186 seconds.
  path: Assets/Practice1/Scripts/DistorsionEffect.cs
  artifactKey: Guid(2ec016e3a30ce5f449c532345f008967) Importer(815301076,1909f56bfc062723c751e8b465ee728b)
Start importing Assets/Practice1/Scripts/DistorsionEffect.cs using Guid(2ec016e3a30ce5f449c532345f008967) Importer(815301076,1909f56bfc062723c751e8b465ee728b)  -> (artifact id: '17af500446fafee2b4903b771875c4ca') in 0.006801 seconds 
  Import took 0.009864 seconds .

========================================================================
Received Import Request.
  Time since last request: 25.078781 seconds.
  path: Assets/Practice1/Scripts/OutlineEffect.cs
  artifactKey: Guid(2ec016e3a30ce5f449c532345f008967) Importer(815301076,1909f56bfc062723c751e8b465ee728b)
Start importing Assets/Practice1/Scripts/OutlineEffect.cs using Guid(2ec016e3a30ce5f449c532345f008967) Importer(815301076,1909f56bfc062723c751e8b465ee728b)  -> (artifact id: 'dc3269f5a976ea90f0400f2ebc4ad608') in 0.017849 seconds 
  Import took 0.020966 seconds .

========================================================================
Received Prepare
Registering precompiled user dll's ...
Registered in 0.013876 seconds.
Begin MonoManager ReloadAssembly
Native extension for WindowsStandalone target not found
Refreshing native plugins compatible for Editor in 0.40 ms, found 2 plugins.
Preloading 0 native plugins for Editor in 0.00 ms.
Mono: successfully reloaded assembly
- Completed reload, in  1.591 seconds
Platform modules already initialized, skipping
Refreshing native plugins compatible for Editor in 0.36 ms, found 2 plugins.
Preloading 0 native plugins for Editor in 0.00 ms.
Unloading 1485 Unused Serialized files (Serialized files now loaded: 0)
System memory in use before: 75.0 MB.
System memory in use after: 75.1 MB.

Unloading 13 unused Assets to reduce memory usage. Loaded Objects now: 2014.
Total: 2.946800 ms (FindLiveObjects: 0.268900 ms CreateObjectMapping: 0.179600 ms MarkObjects: 2.477200 ms  DeleteObjects: 0.019900 ms)

AssetImportParameters requested are different than current active one (requested -> active):
  custom:framework-win-MediaFoundation: 216162199b28c13a410421893ffa2e32 -> 
  custom:video-decoder-ogg-theora: a1e56fd34408186e4bbccfd4996cb3dc -> 
  custom:container-muxer-webm: aa71ff27fc2769a1b78a27578f13a17b -> 
  custom:container-demuxer-webm: 4f35f7cbe854078d1ac9338744f61a02 -> 
  custom:container-demuxer-ogg: 62fdf1f143b41e24485cea50d1cbac27 -> 
  custom:video-encoder-webm-vp8: eb34c28f22e8b96e1ab97ce403110664 -> 
  custom:video-decoder-webm-vp8: 9c59270c3fd7afecdb556c50c9e8de78 -> 
  custom:audio-decoder-ogg-vorbis: bf7c407c2cedff20999df2af8eb42d56 -> 
  custom:audio-encoder-webm-vorbis: bf7c407c2cedff20999df2af8eb42d56 -> 
========================================================================
Received Prepare
Registering precompiled user dll's ...
Registered in 0.015183 seconds.
Begin MonoManager ReloadAssembly
Native extension for WindowsStandalone target not found
Refreshing native plugins compatible for Editor in 0.35 ms, found 2 plugins.
Preloading 0 native plugins for Editor in 0.00 ms.
Mono: successfully reloaded assembly
- Completed reload, in  1.308 seconds
Platform modules already initialized, skipping
Refreshing native plugins compatible for Editor in 0.40 ms, found 2 plugins.
Preloading 0 native plugins for Editor in 0.00 ms.
Unloading 1485 Unused Serialized files (Serialized files now loaded: 0)
System memory in use before: 75.0 MB.
System memory in use after: 75.1 MB.

Unloading 13 unused Assets to reduce memory usage. Loaded Objects now: 2017.
Total: 2.495100 ms (FindLiveObjects: 0.228900 ms CreateObjectMapping: 0.085300 ms MarkObjects: 2.161200 ms  DeleteObjects: 0.018500 ms)

AssetImportParameters requested are different than current active one (requested -> active):
  custom:framework-win-MediaFoundation: 216162199b28c13a410421893ffa2e32 -> 
  custom:video-decoder-ogg-theora: a1e56fd34408186e4bbccfd4996cb3dc -> 
  custom:container-muxer-webm: aa71ff27fc2769a1b78a27578f13a17b -> 
  custom:container-demuxer-webm: 4f35f7cbe854078d1ac9338744f61a02 -> 
  custom:container-demuxer-ogg: 62fdf1f143b41e24485cea50d1cbac27 -> 
  custom:video-encoder-webm-vp8: eb34c28f22e8b96e1ab97ce403110664 -> 
  custom:video-decoder-webm-vp8: 9c59270c3fd7afecdb556c50c9e8de78 -> 
  custom:audio-decoder-ogg-vorbis: bf7c407c2cedff20999df2af8eb42d56 -> 
  custom:audio-encoder-webm-vorbis: bf7c407c2cedff20999df2af8eb42d56 -> 
========================================================================
Received Import Request.
  Time since last request: 195.973544 seconds.
  path: Assets/Practice1/Shaders
  artifactKey: Guid(461b1dbad3dfe8c4b8e7cd8a92e64d52) Importer(815301076,1909f56bfc062723c751e8b465ee728b)
Start importing Assets/Practice1/Shaders using Guid(461b1dbad3dfe8c4b8e7cd8a92e64d52) Importer(815301076,1909f56bfc062723c751e8b465ee728b)  -> (artifact id: '55bf9dab58aaf046e75e2c5227b3aea8') in 0.011566 seconds 
  Import took 0.014736 seconds .

========================================================================
Received Import Request.
  Time since last request: 0.003216 seconds.
  path: Assets/Practice1/Shaders
  artifactKey: Guid(461b1dbad3dfe8c4b8e7cd8a92e64d52) Importer(815301076,1909f56bfc062723c751e8b465ee728b)
Start importing Assets/Practice1/Shaders using Guid(461b1dbad3dfe8c4b8e7cd8a92e64d52) Importer(815301076,1909f56bfc062723c751e8b465ee728b)  -> (artifact id: '55bf9dab58aaf046e75e2c5227b3aea8') in 0.005160 seconds 
  Import took 0.009803 seconds .

========================================================================
Received Import Request.
  Time since last request: 2.742056 seconds.
  path: Assets/Practice1/Shaders/Phong_BRDF.shader
  artifactKey: Guid(9130410b9b43d1940bba07213c8110a9) Importer(815301076,1909f56bfc062723c751e8b465ee728b)
Start importing Assets/Practice1/Shaders/Phong_BRDF.shader using Guid(9130410b9b43d1940bba07213c8110a9) Importer(815301076,1909f56bfc062723c751e8b465ee728b)  -> (artifact id: 'bd8e914a2396738bec7f199ae1319715') in 0.031691 seconds 
  Import took 0.034895 seconds .

========================================================================
Received Import Request.
  Time since last request: 0.089877 seconds.
  path: Assets/Practice1/Shaders/Phong_BRDF.shader
  artifactKey: Guid(9130410b9b43d1940bba07213c8110a9) Importer(815301076,1909f56bfc062723c751e8b465ee728b)
Start importing Assets/Practice1/Shaders/Phong_BRDF.shader using Guid(9130410b9b43d1940bba07213c8110a9) Importer(815301076,1909f56bfc062723c751e8b465ee728b)  -> (artifact id: 'bd8e914a2396738bec7f199ae1319715') in 0.005344 seconds 
  Import took 0.008443 seconds .

========================================================================
Received Import Request.
  Time since last request: 0.452414 seconds.
  path: Assets/Practice1/Shaders/PixelEffect.shader
  artifactKey: Guid(e60054ef662bc4441b7fdd3af2110bdd) Importer(815301076,1909f56bfc062723c751e8b465ee728b)
Start importing Assets/Practice1/Shaders/PixelEffect.shader using Guid(e60054ef662bc4441b7fdd3af2110bdd) Importer(815301076,1909f56bfc062723c751e8b465ee728b)  -> (artifact id: '14fa0ae0f34435b6b8dac09fa85273e1') in 0.014130 seconds 
  Import took 0.018226 seconds .

========================================================================
Received Import Request.
  Time since last request: 0.000918 seconds.
  path: Assets/Practice1/Shaders/PixelEffect.shader
  artifactKey: Guid(e60054ef662bc4441b7fdd3af2110bdd) Importer(815301076,1909f56bfc062723c751e8b465ee728b)
Start importing Assets/Practice1/Shaders/PixelEffect.shader using Guid(e60054ef662bc4441b7fdd3af2110bdd) Importer(815301076,1909f56bfc062723c751e8b465ee728b)  -> (artifact id: '14fa0ae0f34435b6b8dac09fa85273e1') in 0.007912 seconds 
  Import took 0.011002 seconds .

========================================================================
Received Import Request.
  Time since last request: 1.545975 seconds.
  path: Assets/Practice1/DistorsionEffect.shader
  artifactKey: Guid(70da83ecce9180f42807321c4da5529e) Importer(815301076,1909f56bfc062723c751e8b465ee728b)
Start importing Assets/Practice1/DistorsionEffect.shader using Guid(70da83ecce9180f42807321c4da5529e) Importer(815301076,1909f56bfc062723c751e8b465ee728b)  -> (artifact id: '1f6568af414c95043af141efa3538cfd') in 0.004981 seconds 
  Import took 0.007957 seconds .

========================================================================
Received Import Request.
  Time since last request: 12.054515 seconds.
  path: Assets/Practice1/OutlineEffect.shader
  artifactKey: Guid(70da83ecce9180f42807321c4da5529e) Importer(815301076,1909f56bfc062723c751e8b465ee728b)
Start importing Assets/Practice1/OutlineEffect.shader using Guid(70da83ecce9180f42807321c4da5529e) Importer(815301076,1909f56bfc062723c751e8b465ee728b)  -> (artifact id: '3a2064cd7ae363d4864c08998bea1be0') in 0.012888 seconds 
  Import took 0.016457 seconds .

========================================================================
Received Import Request.
  Time since last request: 465.770034 seconds.
  path: Assets/Practice1/OutlineEffect.shader
  artifactKey: Guid(70da83ecce9180f42807321c4da5529e) Importer(815301076,1909f56bfc062723c751e8b465ee728b)
Start importing Assets/Practice1/OutlineEffect.shader using Guid(70da83ecce9180f42807321c4da5529e) Importer(815301076,1909f56bfc062723c751e8b465ee728b)  -> (artifact id: '56be5f1933ae5fa88e309a33f9ab5c67') in 0.006238 seconds 
  Import took 0.010725 seconds .

========================================================================
Received Import Request.
  Time since last request: 35.590397 seconds.
  path: Assets/Practice1/OutlineEffect.shader
  artifactKey: Guid(70da83ecce9180f42807321c4da5529e) Importer(815301076,1909f56bfc062723c751e8b465ee728b)
Start importing Assets/Practice1/OutlineEffect.shader using Guid(70da83ecce9180f42807321c4da5529e) Importer(815301076,1909f56bfc062723c751e8b465ee728b)  -> (artifact id: 'baf6880f00f62b1440e536142e2149c8') in 0.006976 seconds 
  Import took 0.011496 seconds .

========================================================================
Received Import Request.
  Time since last request: 25.084283 seconds.
  path: Assets/Practice1/OutlineEffect.shader
  artifactKey: Guid(70da83ecce9180f42807321c4da5529e) Importer(815301076,1909f56bfc062723c751e8b465ee728b)
Start importing Assets/Practice1/OutlineEffect.shader using Guid(70da83ecce9180f42807321c4da5529e) Importer(815301076,1909f56bfc062723c751e8b465ee728b)  -> (artifact id: 'cb7e74453c8cc59964b4554b6f9835c0') in 0.009060 seconds 
  Import took 0.012731 seconds .

========================================================================
Received Import Request.
  Time since last request: 0.154352 seconds.
  path: Assets/Practice1/OutlineEffect.shader
  artifactKey: Guid(70da83ecce9180f42807321c4da5529e) Importer(815301076,1909f56bfc062723c751e8b465ee728b)
Start importing Assets/Practice1/OutlineEffect.shader using Guid(70da83ecce9180f42807321c4da5529e) Importer(815301076,1909f56bfc062723c751e8b465ee728b)  -> (artifact id: 'cb7e74453c8cc59964b4554b6f9835c0') in 0.018708 seconds 
  Import took 0.022561 seconds .

========================================================================
Received Import Request.
  Time since last request: 337.123052 seconds.
  path: Assets/Practice1/OutlineEffect.shader
  artifactKey: Guid(70da83ecce9180f42807321c4da5529e) Importer(815301076,1909f56bfc062723c751e8b465ee728b)
Start importing Assets/Practice1/OutlineEffect.shader using Guid(70da83ecce9180f42807321c4da5529e) Importer(815301076,1909f56bfc062723c751e8b465ee728b)  -> (artifact id: '97a752bc8d267e87c0359665177474cc') in 0.013536 seconds 
  Import took 0.017816 seconds .

========================================================================
Received Import Request.
  Time since last request: 29.479418 seconds.
  path: Assets/Practice1/OutlineEffect.shader
  artifactKey: Guid(70da83ecce9180f42807321c4da5529e) Importer(815301076,1909f56bfc062723c751e8b465ee728b)
Start importing Assets/Practice1/OutlineEffect.shader using Guid(70da83ecce9180f42807321c4da5529e) Importer(815301076,1909f56bfc062723c751e8b465ee728b)  -> (artifact id: '02416de8e3c150beb760676cdd62b0f0') in 0.018730 seconds 
  Import took 0.025511 seconds .

========================================================================
Received Import Request.
  Time since last request: 14.619899 seconds.
  path: Assets/Practice1/OutlineEffect.shader
  artifactKey: Guid(70da83ecce9180f42807321c4da5529e) Importer(815301076,1909f56bfc062723c751e8b465ee728b)
Start importing Assets/Practice1/OutlineEffect.shader using Guid(70da83ecce9180f42807321c4da5529e) Importer(815301076,1909f56bfc062723c751e8b465ee728b)  -> (artifact id: '497cd45b7a47b9dfa775a20e6cafb9a9') in 0.013879 seconds 
  Import took 0.022242 seconds .

========================================================================
Received Import Request.
  Time since last request: 38.045174 seconds.
  path: Assets/Practice1/OutlineEffect.shader
  artifactKey: Guid(70da83ecce9180f42807321c4da5529e) Importer(815301076,1909f56bfc062723c751e8b465ee728b)
Start importing Assets/Practice1/OutlineEffect.shader using Guid(70da83ecce9180f42807321c4da5529e) Importer(815301076,1909f56bfc062723c751e8b465ee728b)  -> (artifact id: '7176e72bbe8b116eb82a4f209a5001a3') in 0.007495 seconds 
  Import took 0.011122 seconds .

========================================================================
Received Import Request.
  Time since last request: 57.215553 seconds.
  path: Assets/Practice1/OutlineEffect.shader
  artifactKey: Guid(70da83ecce9180f42807321c4da5529e) Importer(815301076,1909f56bfc062723c751e8b465ee728b)
Start importing Assets/Practice1/OutlineEffect.shader using Guid(70da83ecce9180f42807321c4da5529e) Importer(815301076,1909f56bfc062723c751e8b465ee728b)  -> (artifact id: 'a524991d738865259f2ccef400dbbe7a') in 0.011138 seconds 
  Import took 0.016390 seconds .

========================================================================
Received Import Request.
  Time since last request: 0.117657 seconds.
  path: Assets/Practice1/OutlineEffect.shader
  artifactKey: Guid(70da83ecce9180f42807321c4da5529e) Importer(815301076,1909f56bfc062723c751e8b465ee728b)
Start importing Assets/Practice1/OutlineEffect.shader using Guid(70da83ecce9180f42807321c4da5529e) Importer(815301076,1909f56bfc062723c751e8b465ee728b)  -> (artifact id: 'a524991d738865259f2ccef400dbbe7a') in 0.019638 seconds 
  Import took 0.026894 seconds .

========================================================================
Received Import Request.
  Time since last request: 264.938763 seconds.
  path: Assets/Practice1/Shaders/ColorEffect.shader
  artifactKey: Guid(35923c5592c903b4e9a8a13d801e60e3) Importer(815301076,1909f56bfc062723c751e8b465ee728b)
Start importing Assets/Practice1/Shaders/ColorEffect.shader using Guid(35923c5592c903b4e9a8a13d801e60e3) Importer(815301076,1909f56bfc062723c751e8b465ee728b)  -> (artifact id: '6aba1d97a789ed1f77c348322a4a96e4') in 0.005877 seconds 
  Import took 0.010667 seconds .

========================================================================
Received Import Request.
  Time since last request: 118.670084 seconds.
  path: Assets/Practice1/ColorEffect.shader
  artifactKey: Guid(f814e24854b4c4f41a87b60defb8e6bc) Importer(815301076,1909f56bfc062723c751e8b465ee728b)
Start importing Assets/Practice1/ColorEffect.shader using Guid(f814e24854b4c4f41a87b60defb8e6bc) Importer(815301076,1909f56bfc062723c751e8b465ee728b)  -> (artifact id: '157d3532b3bea3917bd43807e07ee5f9') in 0.006207 seconds 
  Import took 0.009967 seconds .

========================================================================
Received Import Request.
  Time since last request: 16.555331 seconds.
  path: Assets/Practice1/effect1.shader
  artifactKey: Guid(296bcc3ef4bdfea4ca179c1d7374e3b3) Importer(815301076,1909f56bfc062723c751e8b465ee728b)
Start importing Assets/Practice1/effect1.shader using Guid(296bcc3ef4bdfea4ca179c1d7374e3b3) Importer(815301076,1909f56bfc062723c751e8b465ee728b)  -> (artifact id: 'f191e766f78c0bdf02917c4329ccd757') in 0.020490 seconds 
  Import took 0.024665 seconds .

AssetImportWorkerClient::OnTransportError - code=2 error=End of file
